<?xml version="1.0" encoding="UTF-8"?>
<testng-results ignored="0" total="8" passed="6" failed="2" skipped="0">
  <reporter-output>
  </reporter-output>
  <suite started-at="2020-03-29T19:46:56 IST" name="Default suite" finished-at="2020-03-29T19:50:45 IST" duration-ms="229124">
    <groups>
    </groups>
    <test started-at="2020-03-29T19:46:56 IST" name="Default test" finished-at="2020-03-29T19:50:45 IST" duration-ms="229124">
      <class name="TestNg.TestNgForChrome">
        <test-method is-config="true" signature="GE()[pri:0, instance:TestNg.TestNgForChrome@4445629]" started-at="2020-03-29T19:46:56 IST" name="GE" finished-at="2020-03-29T19:46:57 IST" duration-ms="1390" status="PASS">
          <reporter-output>
          </reporter-output>
        </test-method> <!-- GE -->
        <test-method is-config="true" signature="LB()[pri:0, instance:TestNg.TestNgForChrome@4445629]" started-at="2020-03-29T19:46:57 IST" name="LB" finished-at="2020-03-29T19:47:21 IST" duration-ms="23791" status="PASS">
          <reporter-output>
          </reporter-output>
        </test-method> <!-- LB -->
        <test-method signature="signUp(java.lang.String, java.lang.String)[pri:0, instance:TestNg.TestNgForChrome@4445629]" started-at="2020-03-29T19:47:21 IST" name="signUp" data-provider="register" finished-at="2020-03-29T19:47:23 IST" duration-ms="1732" status="PASS">
          <params>
            <param index="0">
              <value>
                <![CDATA[chinni12]]>
              </value>
            </param>
            <param index="1">
              <value>
                <![CDATA[Tejuteja]]>
              </value>
            </param>
          </params>
          <reporter-output>
          </reporter-output>
        </test-method> <!-- signUp -->
        <test-method is-config="true" signature="LB()[pri:0, instance:TestNg.TestNgForChrome@4445629]" started-at="2020-03-29T19:47:23 IST" name="LB" finished-at="2020-03-29T19:47:49 IST" duration-ms="26415" status="PASS">
          <reporter-output>
          </reporter-output>
        </test-method> <!-- LB -->
        <test-method signature="signUp(java.lang.String, java.lang.String)[pri:0, instance:TestNg.TestNgForChrome@4445629]" started-at="2020-03-29T19:47:49 IST" name="signUp" data-provider="register" finished-at="2020-03-29T19:47:51 IST" duration-ms="1678" status="PASS">
          <params>
            <param index="0">
              <value>
                <![CDATA[chintu2]]>
              </value>
            </param>
            <param index="1">
              <value>
                <![CDATA[TejuTeja]]>
              </value>
            </param>
          </params>
          <reporter-output>
          </reporter-output>
        </test-method> <!-- signUp -->
        <test-method is-config="true" signature="LB()[pri:0, instance:TestNg.TestNgForChrome@4445629]" started-at="2020-03-29T19:47:51 IST" name="LB" finished-at="2020-03-29T19:48:12 IST" duration-ms="21107" status="PASS">
          <reporter-output>
          </reporter-output>
        </test-method> <!-- LB -->
        <test-method signature="signUp(java.lang.String, java.lang.String)[pri:0, instance:TestNg.TestNgForChrome@4445629]" started-at="2020-03-29T19:48:12 IST" name="signUp" data-provider="register" finished-at="2020-03-29T19:48:14 IST" duration-ms="1709" status="PASS">
          <params>
            <param index="0">
              <value>
                <![CDATA[Sreesai13]]>
              </value>
            </param>
            <param index="1">
              <value>
                <![CDATA[Sreesai]]>
              </value>
            </param>
          </params>
          <reporter-output>
          </reporter-output>
        </test-method> <!-- signUp -->
        <test-method is-config="true" signature="LB()[pri:0, instance:TestNg.TestNgForChrome@4445629]" started-at="2020-03-29T19:48:14 IST" name="LB" finished-at="2020-03-29T19:48:40 IST" duration-ms="26746" status="PASS">
          <reporter-output>
          </reporter-output>
        </test-method> <!-- LB -->
        <test-method signature="logIn(java.lang.String, java.lang.String)[pri:1, instance:TestNg.TestNgForChrome@4445629]" started-at="2020-03-29T19:48:40 IST" name="logIn" data-provider="register" finished-at="2020-03-29T19:48:59 IST" duration-ms="18430" status="PASS">
          <params>
            <param index="0">
              <value>
                <![CDATA[chinni12]]>
              </value>
            </param>
            <param index="1">
              <value>
                <![CDATA[Tejuteja]]>
              </value>
            </param>
          </params>
          <reporter-output>
          </reporter-output>
        </test-method> <!-- logIn -->
        <test-method is-config="true" signature="LB()[pri:0, instance:TestNg.TestNgForChrome@4445629]" started-at="2020-03-29T19:48:59 IST" name="LB" finished-at="2020-03-29T19:49:16 IST" duration-ms="17573" status="PASS">
          <reporter-output>
          </reporter-output>
        </test-method> <!-- LB -->
        <test-method signature="logIn(java.lang.String, java.lang.String)[pri:1, instance:TestNg.TestNgForChrome@4445629]" started-at="2020-03-29T19:49:16 IST" name="logIn" data-provider="register" finished-at="2020-03-29T19:49:30 IST" duration-ms="13136" status="PASS">
          <params>
            <param index="0">
              <value>
                <![CDATA[chintu2]]>
              </value>
            </param>
            <param index="1">
              <value>
                <![CDATA[TejuTeja]]>
              </value>
            </param>
          </params>
          <reporter-output>
          </reporter-output>
        </test-method> <!-- logIn -->
        <test-method is-config="true" signature="LB()[pri:0, instance:TestNg.TestNgForChrome@4445629]" started-at="2020-03-29T19:49:30 IST" name="LB" finished-at="2020-03-29T19:49:43 IST" duration-ms="13346" status="PASS">
          <reporter-output>
          </reporter-output>
        </test-method> <!-- LB -->
        <test-method signature="logIn(java.lang.String, java.lang.String)[pri:1, instance:TestNg.TestNgForChrome@4445629]" started-at="2020-03-29T19:49:43 IST" name="logIn" data-provider="register" finished-at="2020-03-29T19:49:49 IST" duration-ms="5845" status="PASS">
          <params>
            <param index="0">
              <value>
                <![CDATA[Sreesai13]]>
              </value>
            </param>
            <param index="1">
              <value>
                <![CDATA[Sreesai]]>
              </value>
            </param>
          </params>
          <reporter-output>
          </reporter-output>
        </test-method> <!-- logIn -->
        <test-method is-config="true" signature="LB()[pri:0, instance:TestNg.TestNgForChrome@4445629]" started-at="2020-03-29T19:49:49 IST" name="LB" finished-at="2020-03-29T19:50:03 IST" duration-ms="14471" status="PASS">
          <reporter-output>
          </reporter-output>
        </test-method> <!-- LB -->
        <test-method signature="add()[pri:2, instance:TestNg.TestNgForChrome@4445629]" started-at="2020-03-29T19:50:03 IST" name="add" finished-at="2020-03-29T19:50:25 IST" duration-ms="21692" status="FAIL">
          <exception class="java.lang.NullPointerException">
            <full-stacktrace>
              <![CDATA[java.lang.NullPointerException
at pomPages.addToCart.producttwo(addToCart.java:41)
at pomPages.addToCart.AddtoCart(addToCart.java:62)
at TestNg.TestNgForChrome.add(TestNgForChrome.java:52)
at java.base/jdk.internal.reflect.NativeMethodAccessorImpl.invoke0(Native Method)
at java.base/jdk.internal.reflect.NativeMethodAccessorImpl.invoke(NativeMethodAccessorImpl.java:62)
at java.base/jdk.internal.reflect.DelegatingMethodAccessorImpl.invoke(DelegatingMethodAccessorImpl.java:43)
at java.base/java.lang.reflect.Method.invoke(Method.java:567)
at org.testng.internal.MethodInvocationHelper.invokeMethod(MethodInvocationHelper.java:133)
at org.testng.internal.TestInvoker.invokeMethod(TestInvoker.java:584)
at org.testng.internal.TestInvoker.invokeTestMethod(TestInvoker.java:172)
at org.testng.internal.MethodRunner.runInSequence(MethodRunner.java:46)
at org.testng.internal.TestInvoker$MethodInvocationAgent.invoke(TestInvoker.java:804)
at org.testng.internal.TestInvoker.invokeTestMethods(TestInvoker.java:145)
at org.testng.internal.TestMethodWorker.invokeTestMethods(TestMethodWorker.java:146)
at org.testng.internal.TestMethodWorker.run(TestMethodWorker.java:128)
at java.base/java.util.ArrayList.forEach(ArrayList.java:1540)
at org.testng.TestRunner.privateRun(TestRunner.java:770)
at org.testng.TestRunner.run(TestRunner.java:591)
at org.testng.SuiteRunner.runTest(SuiteRunner.java:402)
at org.testng.SuiteRunner.runSequentially(SuiteRunner.java:396)
at org.testng.SuiteRunner.privateRun(SuiteRunner.java:355)
at org.testng.SuiteRunner.run(SuiteRunner.java:304)
at org.testng.SuiteRunnerWorker.runSuite(SuiteRunnerWorker.java:53)
at org.testng.SuiteRunnerWorker.run(SuiteRunnerWorker.java:96)
at org.testng.TestNG.runSuitesSequentially(TestNG.java:1180)
at org.testng.TestNG.runSuitesLocally(TestNG.java:1102)
at org.testng.TestNG.runSuites(TestNG.java:1032)
at org.testng.TestNG.run(TestNG.java:1000)
at org.testng.remote.AbstractRemoteTestNG.run(AbstractRemoteTestNG.java:115)
at org.testng.remote.RemoteTestNG.initAndRun(RemoteTestNG.java:251)
at org.testng.remote.RemoteTestNG.main(RemoteTestNG.java:77)
]]>
            </full-stacktrace>
          </exception> <!-- java.lang.NullPointerException -->
          <reporter-output>
          </reporter-output>
        </test-method> <!-- add -->
        <test-method is-config="true" signature="LB()[pri:0, instance:TestNg.TestNgForChrome@4445629]" started-at="2020-03-29T19:50:25 IST" name="LB" finished-at="2020-03-29T19:50:45 IST" duration-ms="19593" status="PASS">
          <reporter-output>
          </reporter-output>
        </test-method> <!-- LB -->
        <test-method signature="LaptopVerify()[pri:3, instance:TestNg.TestNgForChrome@4445629]" started-at="2020-03-29T19:50:45 IST" name="LaptopVerify" finished-at="2020-03-29T19:50:45 IST" duration-ms="367" status="FAIL">
          <exception class="java.lang.AssertionError">
            <message>
              <![CDATA[did not expect to find [true] but found [false]]]>
            </message>
            <full-stacktrace>
              <![CDATA[java.lang.AssertionError: did not expect to find [true] but found [false]
at org.testng.Assert.fail(Assert.java:97)
at org.testng.Assert.failNotEquals(Assert.java:969)
at org.testng.Assert.assertTrue(Assert.java:43)
at org.testng.Assert.assertTrue(Assert.java:53)
at TestNg.TestNgForChrome.LaptopVerify(TestNgForChrome.java:65)
at java.base/jdk.internal.reflect.NativeMethodAccessorImpl.invoke0(Native Method)
at java.base/jdk.internal.reflect.NativeMethodAccessorImpl.invoke(NativeMethodAccessorImpl.java:62)
at java.base/jdk.internal.reflect.DelegatingMethodAccessorImpl.invoke(DelegatingMethodAccessorImpl.java:43)
at java.base/java.lang.reflect.Method.invoke(Method.java:567)
at org.testng.internal.MethodInvocationHelper.invokeMethod(MethodInvocationHelper.java:133)
at org.testng.internal.TestInvoker.invokeMethod(TestInvoker.java:584)
at org.testng.internal.TestInvoker.invokeTestMethod(TestInvoker.java:172)
at org.testng.internal.MethodRunner.runInSequence(MethodRunner.java:46)
at org.testng.internal.TestInvoker$MethodInvocationAgent.invoke(TestInvoker.java:804)
at org.testng.internal.TestInvoker.invokeTestMethods(TestInvoker.java:145)
at org.testng.internal.TestMethodWorker.invokeTestMethods(TestMethodWorker.java:146)
at org.testng.internal.TestMethodWorker.run(TestMethodWorker.java:128)
at java.base/java.util.ArrayList.forEach(ArrayList.java:1540)
at org.testng.TestRunner.privateRun(TestRunner.java:770)
at org.testng.TestRunner.run(TestRunner.java:591)
at org.testng.SuiteRunner.runTest(SuiteRunner.java:402)
at org.testng.SuiteRunner.runSequentially(SuiteRunner.java:396)
at org.testng.SuiteRunner.privateRun(SuiteRunner.java:355)
at org.testng.SuiteRunner.run(SuiteRunner.java:304)
at org.testng.SuiteRunnerWorker.runSuite(SuiteRunnerWorker.java:53)
at org.testng.SuiteRunnerWorker.run(SuiteRunnerWorker.java:96)
at org.testng.TestNG.runSuitesSequentially(TestNG.java:1180)
at org.testng.TestNG.runSuitesLocally(TestNG.java:1102)
at org.testng.TestNG.runSuites(TestNG.java:1032)
at org.testng.TestNG.run(TestNG.java:1000)
at org.testng.remote.AbstractRemoteTestNG.run(AbstractRemoteTestNG.java:115)
at org.testng.remote.RemoteTestNG.initAndRun(RemoteTestNG.java:251)
at org.testng.remote.RemoteTestNG.main(RemoteTestNG.java:77)
]]>
            </full-stacktrace>
          </exception> <!-- java.lang.AssertionError -->
          <reporter-output>
          </reporter-output>
        </test-method> <!-- LaptopVerify -->
      </class> <!-- TestNg.TestNgForChrome -->
    </test> <!-- Default test -->
  </suite> <!-- Default suite -->
</testng-results>
